<?xml version="1.0" encoding="UTF-8"?>
<testng-results ignored="0" total="1" passed="1" failed="0" skipped="0">
  <reporter-output>
  </reporter-output>
  <suite started-at="2019-12-20T05:05:25Z" name="Default suite" finished-at="2019-12-20T05:05:38Z" duration-ms="13432">
    <groups>
    </groups>
    <test started-at="2019-12-20T05:05:25Z" name="Default test" finished-at="2019-12-20T05:05:38Z" duration-ms="13432">
      <class name="Tkpacktest.Tktest">
        <test-method signature="execution()[pri:0, instance:Tkpacktest.Tktest@445b295b]" started-at="2019-12-20T05:05:25Z" name="execution" finished-at="2019-12-20T05:05:38Z" duration-ms="13364" status="PASS">
          <reporter-output>
          </reporter-output>
        </test-method> <!-- execution -->
      </class> <!-- Tkpacktest.Tktest -->
    </test> <!-- Default test -->
  </suite> <!-- Default suite -->
</testng-results>
